[0.132s] DEBUG:colcon:Command line arguments: ['/usr/bin/colcon', 'build']
[0.132s] DEBUG:colcon:Parsed command line arguments: Namespace(log_base=None, log_level=None, verb_name='build', build_base='build', install_base='install', merge_install=False, symlink_install=False, test_result_base=None, continue_on_error=False, executor='parallel', parallel_workers=16, event_handlers=None, ignore_user_meta=False, metas=['./colcon.meta'], base_paths=['.'], packages_ignore=None, packages_ignore_regex=None, paths=None, packages_up_to=None, packages_up_to_regex=None, packages_above=None, packages_above_and_dependencies=None, packages_above_depth=None, packages_select_by_dep=None, packages_skip_by_dep=None, packages_skip_up_to=None, packages_select_build_failed=False, packages_skip_build_finished=False, packages_select_test_failures=False, packages_skip_test_passed=False, packages_select=None, packages_skip=None, packages_select_regex=None, packages_skip_regex=None, packages_start=None, packages_end=None, allow_overriding=[], cmake_args=None, cmake_target=None, cmake_target_skip_unavailable=False, cmake_clean_cache=False, cmake_clean_first=False, cmake_force_configure=False, ament_cmake_args=None, catkin_cmake_args=None, catkin_skip_building_tests=False, mixin_files=None, mixin=None, verb_parser=<colcon_mixin.mixin.mixin_argument.MixinArgumentDecorator object at 0x7fec70335c30>, verb_extension=<colcon_core.verb.build.BuildVerb object at 0x7fec703356c0>, main=<bound method BuildVerb.main of <colcon_core.verb.build.BuildVerb object at 0x7fec703356c0>>, mixin_verb=('build',))
[0.234s] Level 1:colcon.colcon_core.package_discovery:discover_packages(colcon_meta) check parameters
[0.235s] Level 1:colcon.colcon_core.package_discovery:discover_packages(recursive) check parameters
[0.235s] Level 1:colcon.colcon_core.package_discovery:discover_packages(ignore) check parameters
[0.235s] Level 1:colcon.colcon_core.package_discovery:discover_packages(path) check parameters
[0.235s] Level 1:colcon.colcon_core.package_discovery:discover_packages(colcon_meta) discover
[0.235s] Level 1:colcon.colcon_core.package_discovery:discover_packages(recursive) discover
[0.235s] INFO:colcon.colcon_core.package_discovery:Crawling recursively for packages in '/root/ros2_ws/src/Test_bot'
[0.235s] Level 1:colcon.colcon_core.package_identification:_identify(.) by extensions ['ignore', 'ignore_ament_install']
[0.235s] Level 1:colcon.colcon_core.package_identification:_identify(.) by extension 'ignore'
[0.235s] Level 1:colcon.colcon_core.package_identification:_identify(.) by extension 'ignore_ament_install'
[0.235s] Level 1:colcon.colcon_core.package_identification:_identify(.) by extensions ['colcon_pkg']
[0.235s] Level 1:colcon.colcon_core.package_identification:_identify(.) by extension 'colcon_pkg'
[0.235s] Level 1:colcon.colcon_core.package_identification:_identify(.) by extensions ['colcon_meta']
[0.235s] Level 1:colcon.colcon_core.package_identification:_identify(.) by extension 'colcon_meta'
[0.235s] Level 1:colcon.colcon_core.package_identification:_identify(.) by extensions ['ros']
[0.235s] Level 1:colcon.colcon_core.package_identification:_identify(.) by extension 'ros'
[0.244s] DEBUG:colcon.colcon_core.package_identification:Package '.' with type 'ros.ament_cmake' and name 'Test_bot'
[0.244s] Level 1:colcon.colcon_core.package_discovery:discover_packages(recursive) using defaults
[0.244s] Level 1:colcon.colcon_core.package_discovery:discover_packages(ignore) discover
[0.244s] Level 1:colcon.colcon_core.package_discovery:discover_packages(ignore) using defaults
[0.244s] Level 1:colcon.colcon_core.package_discovery:discover_packages(path) discover
[0.244s] Level 1:colcon.colcon_core.package_discovery:discover_packages(path) using defaults
[0.257s] Level 1:colcon.colcon_core.package_discovery:discover_packages(prefix_path) check parameters
[0.258s] Level 1:colcon.colcon_core.package_discovery:discover_packages(prefix_path) discover
[0.259s] DEBUG:colcon.colcon_installed_package_information.package_discovery:Found 2 installed packages in /root/ros2_ws/install
[0.259s] DEBUG:colcon.colcon_installed_package_information.package_discovery:Found 280 installed packages in /opt/ros/humble
[0.260s] Level 1:colcon.colcon_core.package_discovery:discover_packages(prefix_path) using defaults
[0.297s] Level 5:colcon.colcon_core.verb:set package 'Test_bot' build argument 'cmake_args' from command line to 'None'
[0.297s] Level 5:colcon.colcon_core.verb:set package 'Test_bot' build argument 'cmake_target' from command line to 'None'
[0.297s] Level 5:colcon.colcon_core.verb:set package 'Test_bot' build argument 'cmake_target_skip_unavailable' from command line to 'False'
[0.297s] Level 5:colcon.colcon_core.verb:set package 'Test_bot' build argument 'cmake_clean_cache' from command line to 'False'
[0.297s] Level 5:colcon.colcon_core.verb:set package 'Test_bot' build argument 'cmake_clean_first' from command line to 'False'
[0.297s] Level 5:colcon.colcon_core.verb:set package 'Test_bot' build argument 'cmake_force_configure' from command line to 'False'
[0.297s] Level 5:colcon.colcon_core.verb:set package 'Test_bot' build argument 'ament_cmake_args' from command line to 'None'
[0.297s] Level 5:colcon.colcon_core.verb:set package 'Test_bot' build argument 'catkin_cmake_args' from command line to 'None'
[0.297s] Level 5:colcon.colcon_core.verb:set package 'Test_bot' build argument 'catkin_skip_building_tests' from command line to 'False'
[0.297s] DEBUG:colcon.colcon_core.verb:Building package 'Test_bot' with the following arguments: {'ament_cmake_args': None, 'build_base': '/root/ros2_ws/src/Test_bot/build/Test_bot', 'catkin_cmake_args': None, 'catkin_skip_building_tests': False, 'cmake_args': None, 'cmake_clean_cache': False, 'cmake_clean_first': False, 'cmake_force_configure': False, 'cmake_target': None, 'cmake_target_skip_unavailable': False, 'install_base': '/root/ros2_ws/src/Test_bot/install/Test_bot', 'merge_install': False, 'path': '/root/ros2_ws/src/Test_bot', 'symlink_install': False, 'test_result_base': None}
[0.297s] INFO:colcon.colcon_core.executor:Executing jobs using 'parallel' executor
[0.299s] DEBUG:colcon.colcon_parallel_executor.executor.parallel:run_until_complete
[0.299s] INFO:colcon.colcon_ros.task.ament_cmake.build:Building ROS package in '/root/ros2_ws/src/Test_bot' with build type 'ament_cmake'
[0.299s] INFO:colcon.colcon_cmake.task.cmake.build:Building CMake package in '/root/ros2_ws/src/Test_bot'
[0.301s] INFO:colcon.colcon_core.plugin_system:Skipping extension 'colcon_core.shell.bat': Not used on non-Windows systems
[0.301s] INFO:colcon.colcon_core.shell:Skip shell extension 'powershell' for command environment: Not usable outside of PowerShell
[0.301s] DEBUG:colcon.colcon_core.shell:Skip shell extension 'dsv' for command environment
[0.309s] DEBUG:colcon.colcon_core.event_handler.log_command:Invoking command in '/root/ros2_ws/src/Test_bot/build/Test_bot': CMAKE_PREFIX_PATH=${CMAKE_PREFIX_PATH}:/root/ros2_ws/install/Rover_controller:/opt/ros/humble WSLENV=ELECTRON_RUN_AS_NODE/w: /usr/bin/cmake /root/ros2_ws/src/Test_bot -DCMAKE_INSTALL_PREFIX=/root/ros2_ws/src/Test_bot/install/Test_bot
[1.731s] DEBUG:colcon.colcon_core.event_handler.log_command:Invoked command in '/root/ros2_ws/src/Test_bot/build/Test_bot' returned '0': CMAKE_PREFIX_PATH=${CMAKE_PREFIX_PATH}:/root/ros2_ws/install/Rover_controller:/opt/ros/humble WSLENV=ELECTRON_RUN_AS_NODE/w: /usr/bin/cmake /root/ros2_ws/src/Test_bot -DCMAKE_INSTALL_PREFIX=/root/ros2_ws/src/Test_bot/install/Test_bot
[1.733s] DEBUG:colcon.colcon_core.event_handler.log_command:Invoking command in '/root/ros2_ws/src/Test_bot/build/Test_bot': CMAKE_PREFIX_PATH=${CMAKE_PREFIX_PATH}:/root/ros2_ws/install/Rover_controller:/opt/ros/humble WSLENV=ELECTRON_RUN_AS_NODE/w: /usr/bin/cmake --build /root/ros2_ws/src/Test_bot/build/Test_bot -- -j16 -l16
[1.760s] DEBUG:colcon.colcon_core.event_handler.log_command:Invoked command in '/root/ros2_ws/src/Test_bot/build/Test_bot' returned '0': CMAKE_PREFIX_PATH=${CMAKE_PREFIX_PATH}:/root/ros2_ws/install/Rover_controller:/opt/ros/humble WSLENV=ELECTRON_RUN_AS_NODE/w: /usr/bin/cmake --build /root/ros2_ws/src/Test_bot/build/Test_bot -- -j16 -l16
[1.780s] DEBUG:colcon.colcon_core.event_handler.log_command:Invoking command in '/root/ros2_ws/src/Test_bot/build/Test_bot': CMAKE_PREFIX_PATH=${CMAKE_PREFIX_PATH}:/root/ros2_ws/install/Rover_controller:/opt/ros/humble WSLENV=ELECTRON_RUN_AS_NODE/w: /usr/bin/cmake --install /root/ros2_ws/src/Test_bot/build/Test_bot
[1.789s] Level 1:colcon.colcon_core.environment:create_environment_scripts_only(Test_bot)
[1.789s] DEBUG:colcon.colcon_core.event_handler.log_command:Invoked command in '/root/ros2_ws/src/Test_bot/build/Test_bot' returned '0': CMAKE_PREFIX_PATH=${CMAKE_PREFIX_PATH}:/root/ros2_ws/install/Rover_controller:/opt/ros/humble WSLENV=ELECTRON_RUN_AS_NODE/w: /usr/bin/cmake --install /root/ros2_ws/src/Test_bot/build/Test_bot
[1.791s] Level 1:colcon.colcon_core.environment:checking '/root/ros2_ws/src/Test_bot/install/Test_bot' for CMake module files
[1.792s] Level 1:colcon.colcon_core.environment:checking '/root/ros2_ws/src/Test_bot/install/Test_bot' for CMake config files
[1.792s] Level 1:colcon.colcon_core.shell:create_environment_hook('Test_bot', 'cmake_prefix_path')
[1.792s] INFO:colcon.colcon_core.shell:Creating environment hook '/root/ros2_ws/src/Test_bot/install/Test_bot/share/Test_bot/hook/cmake_prefix_path.ps1'
[1.792s] INFO:colcon.colcon_core.shell:Creating environment descriptor '/root/ros2_ws/src/Test_bot/install/Test_bot/share/Test_bot/hook/cmake_prefix_path.dsv'
[1.792s] INFO:colcon.colcon_core.shell:Creating environment hook '/root/ros2_ws/src/Test_bot/install/Test_bot/share/Test_bot/hook/cmake_prefix_path.sh'
[1.793s] Level 1:colcon.colcon_core.environment:checking '/root/ros2_ws/src/Test_bot/install/Test_bot/bin'
[1.793s] Level 1:colcon.colcon_core.environment:checking '/root/ros2_ws/src/Test_bot/install/Test_bot/lib/pkgconfig/Test_bot.pc'
[1.793s] Level 1:colcon.colcon_core.environment:checking '/root/ros2_ws/src/Test_bot/install/Test_bot/lib/python3.10/site-packages'
[1.793s] Level 1:colcon.colcon_core.environment:checking '/root/ros2_ws/src/Test_bot/install/Test_bot/bin'
[1.794s] INFO:colcon.colcon_core.shell:Creating package script '/root/ros2_ws/src/Test_bot/install/Test_bot/share/Test_bot/package.ps1'
[1.794s] INFO:colcon.colcon_core.shell:Creating package descriptor '/root/ros2_ws/src/Test_bot/install/Test_bot/share/Test_bot/package.dsv'
[1.794s] INFO:colcon.colcon_core.shell:Creating package script '/root/ros2_ws/src/Test_bot/install/Test_bot/share/Test_bot/package.sh'
[1.795s] INFO:colcon.colcon_core.shell:Creating package script '/root/ros2_ws/src/Test_bot/install/Test_bot/share/Test_bot/package.bash'
[1.795s] INFO:colcon.colcon_core.shell:Creating package script '/root/ros2_ws/src/Test_bot/install/Test_bot/share/Test_bot/package.zsh'
[1.796s] Level 1:colcon.colcon_core.environment:create_file_with_runtime_dependencies(/root/ros2_ws/src/Test_bot/install/Test_bot/share/colcon-core/packages/Test_bot)
[1.811s] Level 1:colcon.colcon_core.environment:create_environment_scripts_only(Test_bot)
[1.812s] Level 1:colcon.colcon_core.environment:checking '/root/ros2_ws/src/Test_bot/install/Test_bot' for CMake module files
[1.812s] Level 1:colcon.colcon_core.environment:checking '/root/ros2_ws/src/Test_bot/install/Test_bot' for CMake config files
[1.812s] Level 1:colcon.colcon_core.shell:create_environment_hook('Test_bot', 'cmake_prefix_path')
[1.812s] INFO:colcon.colcon_core.shell:Creating environment hook '/root/ros2_ws/src/Test_bot/install/Test_bot/share/Test_bot/hook/cmake_prefix_path.ps1'
[1.812s] INFO:colcon.colcon_core.shell:Creating environment descriptor '/root/ros2_ws/src/Test_bot/install/Test_bot/share/Test_bot/hook/cmake_prefix_path.dsv'
[1.813s] INFO:colcon.colcon_core.shell:Creating environment hook '/root/ros2_ws/src/Test_bot/install/Test_bot/share/Test_bot/hook/cmake_prefix_path.sh'
[1.813s] Level 1:colcon.colcon_core.environment:checking '/root/ros2_ws/src/Test_bot/install/Test_bot/bin'
[1.813s] Level 1:colcon.colcon_core.environment:checking '/root/ros2_ws/src/Test_bot/install/Test_bot/lib/pkgconfig/Test_bot.pc'
[1.813s] Level 1:colcon.colcon_core.environment:checking '/root/ros2_ws/src/Test_bot/install/Test_bot/lib/python3.10/site-packages'
[1.814s] Level 1:colcon.colcon_core.environment:checking '/root/ros2_ws/src/Test_bot/install/Test_bot/bin'
[1.814s] INFO:colcon.colcon_core.shell:Creating package script '/root/ros2_ws/src/Test_bot/install/Test_bot/share/Test_bot/package.ps1'
[1.814s] INFO:colcon.colcon_core.shell:Creating package descriptor '/root/ros2_ws/src/Test_bot/install/Test_bot/share/Test_bot/package.dsv'
[1.814s] INFO:colcon.colcon_core.shell:Creating package script '/root/ros2_ws/src/Test_bot/install/Test_bot/share/Test_bot/package.sh'
[1.815s] INFO:colcon.colcon_core.shell:Creating package script '/root/ros2_ws/src/Test_bot/install/Test_bot/share/Test_bot/package.bash'
[1.815s] INFO:colcon.colcon_core.shell:Creating package script '/root/ros2_ws/src/Test_bot/install/Test_bot/share/Test_bot/package.zsh'
[1.815s] Level 1:colcon.colcon_core.environment:create_file_with_runtime_dependencies(/root/ros2_ws/src/Test_bot/install/Test_bot/share/colcon-core/packages/Test_bot)
[1.815s] DEBUG:colcon.colcon_parallel_executor.executor.parallel:closing loop
[1.816s] DEBUG:colcon.colcon_parallel_executor.executor.parallel:loop closed
[1.816s] DEBUG:colcon.colcon_parallel_executor.executor.parallel:run_until_complete finished with '0'
[1.816s] DEBUG:colcon.colcon_core.event_reactor:joining thread
[1.849s] INFO:colcon.colcon_core.plugin_system:Skipping extension 'colcon_notification.desktop_notification.notify_send': Could not find 'notify-send'
[1.850s] INFO:colcon.colcon_core.plugin_system:Skipping extension 'colcon_notification.desktop_notification.terminal_notifier': Not used on non-Darwin systems
[1.850s] INFO:colcon.colcon_core.plugin_system:Skipping extension 'colcon_notification.desktop_notification.win32': Not used on non-Windows systems
[1.850s] INFO:colcon.colcon_notification.desktop_notification:Sending desktop notification using 'notify2'
[1.850s] DEBUG:colcon.colcon_notification.desktop_notification.notify2:Failed to initialize notify2: org.freedesktop.DBus.Error.FileNotFound: Failed to connect to socket /run/user/0/bus: No such file or directory
[1.850s] DEBUG:colcon.colcon_core.event_reactor:joined thread
[1.850s] INFO:colcon.colcon_core.shell:Creating prefix script '/root/ros2_ws/src/Test_bot/install/local_setup.ps1'
[1.851s] INFO:colcon.colcon_core.shell:Creating prefix util module '/root/ros2_ws/src/Test_bot/install/_local_setup_util_ps1.py'
[1.852s] INFO:colcon.colcon_core.shell:Creating prefix chain script '/root/ros2_ws/src/Test_bot/install/setup.ps1'
[1.853s] INFO:colcon.colcon_core.shell:Creating prefix script '/root/ros2_ws/src/Test_bot/install/local_setup.sh'
[1.853s] INFO:colcon.colcon_core.shell:Creating prefix util module '/root/ros2_ws/src/Test_bot/install/_local_setup_util_sh.py'
[1.853s] INFO:colcon.colcon_core.shell:Creating prefix chain script '/root/ros2_ws/src/Test_bot/install/setup.sh'
[1.854s] INFO:colcon.colcon_core.shell:Creating prefix script '/root/ros2_ws/src/Test_bot/install/local_setup.bash'
[1.854s] INFO:colcon.colcon_core.shell:Creating prefix chain script '/root/ros2_ws/src/Test_bot/install/setup.bash'
[1.855s] INFO:colcon.colcon_core.shell:Creating prefix script '/root/ros2_ws/src/Test_bot/install/local_setup.zsh'
[1.855s] INFO:colcon.colcon_core.shell:Creating prefix chain script '/root/ros2_ws/src/Test_bot/install/setup.zsh'
